0 info it worked if it ends with ok
1 verbose cli [ 'D:\\Program Files\\nodejs\\node.exe',
1 verbose cli   'D:\\Program Files\\nodejs\\node_modules\\npm\\bin\\npm-cli.js',
1 verbose cli   'install' ]
2 info using npm@2.14.12
3 info using node@v4.3.1
4 verbose readDependencies loading dependencies from D:\clifford\package.json
5 warn package.json my-project-name@0.1.0 No description
6 warn package.json my-project-name@0.1.0 No repository field.
7 warn package.json my-project-name@0.1.0 No license field.
8 verbose install where, deps [ 'D:\\clifford',
8 verbose install   [ 'async',
8 verbose install     'spritesmith',
8 verbose install     'css-spritesmith',
8 verbose install     'grunt',
8 verbose install     'grunt-contrib-htmlmin',
8 verbose install     'grunt-contrib-cssmin',
8 verbose install     'grunt-contrib-uglify',
8 verbose install     'grunt-contrib-imagemin',
8 verbose install     'grunt-contrib-watch',
8 verbose install     'grunt-contrib-sass',
8 verbose install     'grunt-regarde',
8 verbose install     'grunt-contrib-connect',
8 verbose install     'grunt-contrib-livereload',
8 verbose install     'http-server' ] ]
9 verbose install where, peers [ 'D:\\clifford', [] ]
10 verbose installManyTop reading for lifecycle D:\clifford\package.json
11 info preinstall my-project-name@0.1.0
12 verbose installManyTop reading scoped package data from D:\clifford\node_modules\async\package.json
13 verbose installManyTop reading scoped package data from D:\clifford\node_modules\css-spritesmith\package.json
14 verbose installManyTop reading scoped package data from D:\clifford\node_modules\grunt\package.json
15 verbose installManyTop reading scoped package data from D:\clifford\node_modules\grunt-contrib-cssmin\package.json
16 verbose installManyTop reading scoped package data from D:\clifford\node_modules\grunt-contrib-htmlmin\package.json
17 verbose installManyTop reading scoped package data from D:\clifford\node_modules\grunt-contrib-imagemin\package.json
18 verbose installManyTop reading scoped package data from D:\clifford\node_modules\grunt-contrib-livereload\package.json
19 verbose installManyTop reading scoped package data from D:\clifford\node_modules\grunt-contrib-sass\package.json
20 verbose installManyTop reading scoped package data from D:\clifford\node_modules\grunt-contrib-uglify\package.json
21 verbose installManyTop reading scoped package data from D:\clifford\node_modules\grunt-contrib-watch\package.json
22 verbose installManyTop reading scoped package data from D:\clifford\node_modules\grunt-regarde\package.json
23 verbose installManyTop reading scoped package data from D:\clifford\node_modules\http-server\package.json
24 verbose installManyTop reading scoped package data from D:\clifford\node_modules\spritesmith\package.json
25 info package.json grunt-contrib-cssmin@0.6.2 No license field.
26 info package.json grunt-contrib-htmlmin@0.1.3 No license field.
27 info package.json grunt@0.4.5 No license field.
28 info package.json css-spritesmith@0.0.4 No license field.
29 info package.json grunt-contrib-watch@0.6.1 No license field.
30 info package.json grunt-contrib-uglify@0.4.1 No license field.
31 info package.json grunt-contrib-imagemin@0.1.4 No license field.
32 info package.json grunt-regarde@0.1.1 license should be a valid SPDX license expression
33 info package.json grunt-contrib-livereload@0.1.2 No license field.
34 info package.json http-server@0.6.1 No license field.
35 info package.json grunt-contrib-sass@0.6.0 No license field.
36 verbose readDependencies loading dependencies from D:\clifford\package.json
37 verbose targetResolver reading package data from D:\clifford\node_modules\async\package.json
38 verbose targetResolver reading package data from D:\clifford\node_modules\css-spritesmith\package.json
39 verbose targetResolver reading package data from D:\clifford\node_modules\grunt\package.json
40 verbose targetResolver reading package data from D:\clifford\node_modules\grunt-contrib-cssmin\package.json
41 verbose targetResolver reading package data from D:\clifford\node_modules\grunt-contrib-htmlmin\package.json
42 verbose targetResolver reading package data from D:\clifford\node_modules\grunt-contrib-imagemin\package.json
43 verbose targetResolver reading package data from D:\clifford\node_modules\grunt-contrib-livereload\package.json
44 verbose targetResolver reading package data from D:\clifford\node_modules\grunt-contrib-sass\package.json
45 verbose targetResolver reading package data from D:\clifford\node_modules\grunt-contrib-uglify\package.json
46 verbose targetResolver reading package data from D:\clifford\node_modules\grunt-contrib-watch\package.json
47 verbose targetResolver reading package data from D:\clifford\node_modules\grunt-regarde\package.json
48 verbose targetResolver reading package data from D:\clifford\node_modules\http-server\package.json
49 verbose targetResolver reading package data from D:\clifford\node_modules\spritesmith\package.json
50 verbose targetResolver reading package data from D:\clifford\node_modules\.bin\http-server\package.json
51 verbose targetResolver reading package data from D:\clifford\node_modules\.bin\http-server.cmd\package.json
52 verbose already installed skipping grunt@~0.4.0 D:\clifford
53 verbose already installed skipping grunt-contrib-htmlmin@~0.1.3 D:\clifford
54 verbose already installed skipping grunt-contrib-cssmin@~0.6.1 D:\clifford
55 verbose already installed skipping grunt-contrib-uglify@~0.4.0 D:\clifford
56 verbose already installed skipping grunt-contrib-imagemin@~0.1.4 D:\clifford
57 verbose already installed skipping grunt-contrib-watch@~0.6.1 D:\clifford
58 verbose already installed skipping grunt-contrib-sass@0.6.0 D:\clifford
59 silly cache add args [ 'grunt-regarde@latest', null ]
60 verbose cache add spec grunt-regarde@latest
61 silly cache add args [ 'grunt-contrib-connect@latest', null ]
62 verbose cache add spec grunt-contrib-connect@latest
63 silly cache add args [ 'grunt-contrib-livereload@latest', null ]
64 verbose cache add spec grunt-contrib-livereload@latest
65 verbose already installed skipping http-server@^0.6.1 D:\clifford
66 silly cache add parsed spec Result {
66 silly cache add   raw: 'grunt-regarde@latest',
66 silly cache add   scope: null,
66 silly cache add   name: 'grunt-regarde',
66 silly cache add   rawSpec: 'latest',
66 silly cache add   spec: 'latest',
66 silly cache add   type: 'tag' }
67 silly addNamed grunt-regarde@latest
68 verbose addNamed "latest" is being treated as a dist-tag for grunt-regarde
69 info addNameTag [ 'grunt-regarde', 'latest' ]
70 silly mapToRegistry name grunt-regarde
71 silly mapToRegistry using default registry
72 silly mapToRegistry registry https://registry.npmjs.org/
73 silly mapToRegistry uri https://registry.npmjs.org/grunt-regarde
74 verbose addNameTag registry:https://registry.npmjs.org/grunt-regarde not in flight; fetching
75 silly cache add parsed spec Result {
75 silly cache add   raw: 'grunt-contrib-connect@latest',
75 silly cache add   scope: null,
75 silly cache add   name: 'grunt-contrib-connect',
75 silly cache add   rawSpec: 'latest',
75 silly cache add   spec: 'latest',
75 silly cache add   type: 'tag' }
76 silly addNamed grunt-contrib-connect@latest
77 verbose addNamed "latest" is being treated as a dist-tag for grunt-contrib-connect
78 info addNameTag [ 'grunt-contrib-connect', 'latest' ]
79 silly mapToRegistry name grunt-contrib-connect
80 silly mapToRegistry using default registry
81 silly mapToRegistry registry https://registry.npmjs.org/
82 silly mapToRegistry uri https://registry.npmjs.org/grunt-contrib-connect
83 verbose addNameTag registry:https://registry.npmjs.org/grunt-contrib-connect not in flight; fetching
84 silly cache add parsed spec Result {
84 silly cache add   raw: 'grunt-contrib-livereload@latest',
84 silly cache add   scope: null,
84 silly cache add   name: 'grunt-contrib-livereload',
84 silly cache add   rawSpec: 'latest',
84 silly cache add   spec: 'latest',
84 silly cache add   type: 'tag' }
85 silly addNamed grunt-contrib-livereload@latest
86 verbose addNamed "latest" is being treated as a dist-tag for grunt-contrib-livereload
87 info addNameTag [ 'grunt-contrib-livereload', 'latest' ]
88 silly mapToRegistry name grunt-contrib-livereload
89 silly mapToRegistry using default registry
90 silly mapToRegistry registry https://registry.npmjs.org/
91 silly mapToRegistry uri https://registry.npmjs.org/grunt-contrib-livereload
92 verbose addNameTag registry:https://registry.npmjs.org/grunt-contrib-livereload not in flight; fetching
93 verbose already installed skipping async@^0.9.0 D:\clifford
94 verbose already installed skipping spritesmith@^1.1.0 D:\clifford
95 verbose already installed skipping css-spritesmith@^0.0.4 D:\clifford
96 verbose request uri https://registry.npmjs.org/grunt-contrib-livereload
97 verbose request no auth needed
98 info attempt registry request try #1 at 12:13:32
99 verbose request id 37ed1edacc95a2b8
100 verbose etag "58169HPZP9U262DHO50PSXU20"
101 http request GET https://registry.npmjs.org/grunt-contrib-livereload
102 verbose request uri https://registry.npmjs.org/grunt-contrib-connect
103 verbose request no auth needed
104 info attempt registry request try #1 at 12:13:32
105 verbose etag "D1EO9C19SGHBFVYA5JFLARL6U"
106 http request GET https://registry.npmjs.org/grunt-contrib-connect
107 verbose request uri https://registry.npmjs.org/grunt-regarde
108 verbose request no auth needed
109 info attempt registry request try #1 at 12:13:32
110 verbose etag "1MDD5H4K19VQCTT99Q01GFY4N"
111 http request GET https://registry.npmjs.org/grunt-regarde
112 http 304 https://registry.npmjs.org/grunt-contrib-connect
113 verbose headers { date: 'Tue, 19 Apr 2016 04:13:32 GMT',
113 verbose headers   via: '1.1 varnish',
113 verbose headers   'cache-control': 'max-age=300',
113 verbose headers   etag: '"D1EO9C19SGHBFVYA5JFLARL6U"',
113 verbose headers   age: '67',
113 verbose headers   connection: 'keep-alive',
113 verbose headers   'x-served-by': 'cache-lcy1125-LCY',
113 verbose headers   'x-cache': 'HIT',
113 verbose headers   'x-cache-hits': '2',
113 verbose headers   'x-timer': 'S1461039212.860487,VS0,VE0',
113 verbose headers   vary: 'Accept-Encoding' }
114 silly get cb [ 304,
114 silly get   { date: 'Tue, 19 Apr 2016 04:13:32 GMT',
114 silly get     via: '1.1 varnish',
114 silly get     'cache-control': 'max-age=300',
114 silly get     etag: '"D1EO9C19SGHBFVYA5JFLARL6U"',
114 silly get     age: '67',
114 silly get     connection: 'keep-alive',
114 silly get     'x-served-by': 'cache-lcy1125-LCY',
114 silly get     'x-cache': 'HIT',
114 silly get     'x-cache-hits': '2',
114 silly get     'x-timer': 'S1461039212.860487,VS0,VE0',
114 silly get     vary: 'Accept-Encoding' } ]
115 verbose etag https://registry.npmjs.org/grunt-contrib-connect from cache
116 verbose get saving grunt-contrib-connect to C:\Users\mzsf\AppData\Roaming\npm-cache\registry.npmjs.org\grunt-contrib-connect\.cache.json
117 silly addNameTag next cb for grunt-contrib-connect with tag latest
118 silly addNamed grunt-contrib-connect@1.0.1
119 verbose addNamed "1.0.1" is a plain semver version for grunt-contrib-connect
120 silly cache afterAdd grunt-contrib-connect@1.0.1
121 verbose afterAdd C:\Users\mzsf\AppData\Roaming\npm-cache\grunt-contrib-connect\1.0.1\package\package.json not in flight; writing
122 verbose afterAdd C:\Users\mzsf\AppData\Roaming\npm-cache\grunt-contrib-connect\1.0.1\package\package.json written
123 http 304 https://registry.npmjs.org/grunt-regarde
124 verbose headers { date: 'Tue, 19 Apr 2016 04:13:32 GMT',
124 verbose headers   via: '1.1 varnish',
124 verbose headers   'cache-control': 'max-age=300',
124 verbose headers   etag: '"1MDD5H4K19VQCTT99Q01GFY4N"',
124 verbose headers   age: '0',
124 verbose headers   connection: 'keep-alive',
124 verbose headers   'x-served-by': 'cache-lcy1127-LCY',
124 verbose headers   'x-cache': 'MISS',
124 verbose headers   'x-cache-hits': '0',
124 verbose headers   'x-timer': 'S1461039212.838549,VS0,VE400',
124 verbose headers   vary: 'Accept-Encoding' }
125 silly get cb [ 304,
125 silly get   { date: 'Tue, 19 Apr 2016 04:13:32 GMT',
125 silly get     via: '1.1 varnish',
125 silly get     'cache-control': 'max-age=300',
125 silly get     etag: '"1MDD5H4K19VQCTT99Q01GFY4N"',
125 silly get     age: '0',
125 silly get     connection: 'keep-alive',
125 silly get     'x-served-by': 'cache-lcy1127-LCY',
125 silly get     'x-cache': 'MISS',
125 silly get     'x-cache-hits': '0',
125 silly get     'x-timer': 'S1461039212.838549,VS0,VE400',
125 silly get     vary: 'Accept-Encoding' } ]
126 verbose etag https://registry.npmjs.org/grunt-regarde from cache
127 verbose get saving grunt-regarde to C:\Users\mzsf\AppData\Roaming\npm-cache\registry.npmjs.org\grunt-regarde\.cache.json
128 silly addNameTag next cb for grunt-regarde with tag latest
129 silly addNamed grunt-regarde@0.1.1
130 verbose addNamed "0.1.1" is a plain semver version for grunt-regarde
131 warn deprecated grunt-regarde@0.1.1: Deprecated in favor of grunt-contrib-watch which now have Livereload support built-in.
132 silly cache afterAdd grunt-regarde@0.1.1
133 verbose afterAdd C:\Users\mzsf\AppData\Roaming\npm-cache\grunt-regarde\0.1.1\package\package.json not in flight; writing
134 verbose afterAdd C:\Users\mzsf\AppData\Roaming\npm-cache\grunt-regarde\0.1.1\package\package.json written
135 info already installed grunt-regarde@0.1.1
136 http 304 https://registry.npmjs.org/grunt-contrib-livereload
137 verbose headers { date: 'Tue, 19 Apr 2016 04:13:32 GMT',
137 verbose headers   via: '1.1 varnish',
137 verbose headers   'cache-control': 'max-age=300',
137 verbose headers   etag: '"58169HPZP9U262DHO50PSXU20"',
137 verbose headers   age: '0',
137 verbose headers   connection: 'keep-alive',
137 verbose headers   'x-served-by': 'cache-lcy1124-LCY',
137 verbose headers   'x-cache': 'MISS',
137 verbose headers   'x-cache-hits': '0',
137 verbose headers   'x-timer': 'S1461039212.856952,VS0,VE711',
137 verbose headers   vary: 'Accept-Encoding' }
138 silly get cb [ 304,
138 silly get   { date: 'Tue, 19 Apr 2016 04:13:32 GMT',
138 silly get     via: '1.1 varnish',
138 silly get     'cache-control': 'max-age=300',
138 silly get     etag: '"58169HPZP9U262DHO50PSXU20"',
138 silly get     age: '0',
138 silly get     connection: 'keep-alive',
138 silly get     'x-served-by': 'cache-lcy1124-LCY',
138 silly get     'x-cache': 'MISS',
138 silly get     'x-cache-hits': '0',
138 silly get     'x-timer': 'S1461039212.856952,VS0,VE711',
138 silly get     vary: 'Accept-Encoding' } ]
139 verbose etag https://registry.npmjs.org/grunt-contrib-livereload from cache
140 verbose get saving grunt-contrib-livereload to C:\Users\mzsf\AppData\Roaming\npm-cache\registry.npmjs.org\grunt-contrib-livereload\.cache.json
141 silly addNameTag next cb for grunt-contrib-livereload with tag latest
142 silly addNamed grunt-contrib-livereload@0.1.2
143 verbose addNamed "0.1.2" is a plain semver version for grunt-contrib-livereload
144 warn deprecated grunt-contrib-livereload@0.1.2: Deprecated in favor of grunt-contrib-watch which now have Livereload support built-in.
145 silly cache afterAdd grunt-contrib-livereload@0.1.2
146 verbose afterAdd C:\Users\mzsf\AppData\Roaming\npm-cache\grunt-contrib-livereload\0.1.2\package\package.json not in flight; writing
147 verbose afterAdd C:\Users\mzsf\AppData\Roaming\npm-cache\grunt-contrib-livereload\0.1.2\package\package.json written
148 info already installed grunt-contrib-livereload@0.1.2
149 silly install resolved [ { name: 'grunt-contrib-connect',
149 silly install resolved     description: 'Start a connect web server',
149 silly install resolved     version: '1.0.1',
149 silly install resolved     author: { name: 'Grunt Team', url: 'http://gruntjs.com/' },
149 silly install resolved     repository:
149 silly install resolved      { type: 'git',
149 silly install resolved        url: 'git+https://github.com/gruntjs/grunt-contrib-connect.git' },
149 silly install resolved     license: 'MIT',
149 silly install resolved     engines: { node: '>=0.10.0' },
149 silly install resolved     main: 'tasks/connect.js',
149 silly install resolved     scripts: { test: 'grunt test --verbose' },
149 silly install resolved     dependencies:
149 silly install resolved      { async: '^1.5.2',
149 silly install resolved        connect: '^3.4.0',
149 silly install resolved        'connect-livereload': '^0.5.0',
149 silly install resolved        http2: 'git+https://github.com/gruntjs/node-http2.git#fix-return-value',
149 silly install resolved        morgan: '^1.6.1',
149 silly install resolved        opn: '^4.0.0',
149 silly install resolved        portscanner: '^1.0.0',
149 silly install resolved        'serve-index': '^1.7.1',
149 silly install resolved        'serve-static': '^1.10.0' },
149 silly install resolved     devDependencies:
149 silly install resolved      { grunt: '^0.4.5',
149 silly install resolved        'grunt-cli': '^0.1.13',
149 silly install resolved        'grunt-contrib-internal': '^0.4.10',
149 silly install resolved        'grunt-contrib-jshint': '^1.0.0',
149 silly install resolved        'grunt-contrib-nodeunit': '^0.4.0' },
149 silly install resolved     peerDependencies: { grunt: '>=0.4.0' },
149 silly install resolved     keywords: [ 'gruntplugin', 'server', 'connect', 'http' ],
149 silly install resolved     files: [ 'tasks' ],
149 silly install resolved     appveyor_id: '3bp93hbs2rd5lwfd',
149 silly install resolved     contributors:
149 silly install resolved      [ [Object],
149 silly install resolved        [Object],
149 silly install resolved        [Object],
149 silly install resolved        [Object],
149 silly install resolved        [Object],
149 silly install resolved        [Object],
149 silly install resolved        [Object],
149 silly install resolved        [Object],
149 silly install resolved        [Object],
149 silly install resolved        [Object],
149 silly install resolved        [Object],
149 silly install resolved        [Object],
149 silly install resolved        [Object],
149 silly install resolved        [Object],
149 silly install resolved        [Object],
149 silly install resolved        [Object],
149 silly install resolved        [Object] ],
149 silly install resolved     gitHead: 'cd9476b11fb4dfbcb542cc4c3d5a9af729ae4a68',
149 silly install resolved     bugs: { url: 'https://github.com/gruntjs/grunt-contrib-connect/issues' },
149 silly install resolved     homepage: 'https://github.com/gruntjs/grunt-contrib-connect#readme',
149 silly install resolved     _id: 'grunt-contrib-connect@1.0.1',
149 silly install resolved     _shasum: '211ae3f9987355dfe8b2a5800aa697b55df5bb6e',
149 silly install resolved     _from: 'grunt-contrib-connect@latest',
149 silly install resolved     _npmVersion: '2.14.17',
149 silly install resolved     _nodeVersion: '4.2.3',
149 silly install resolved     _npmUser: { name: 'vladikoff', email: 'vlad@vladikoff.com' },
149 silly install resolved     maintainers: [ [Object], [Object], [Object], [Object], [Object], [Object] ],
149 silly install resolved     dist:
149 silly install resolved      { shasum: '211ae3f9987355dfe8b2a5800aa697b55df5bb6e',
149 silly install resolved        tarball: 'http://registry.npmjs.org/grunt-contrib-connect/-/grunt-contrib-connect-1.0.1.tgz' },
149 silly install resolved     _npmOperationalInternal:
149 silly install resolved      { host: 'packages-13-west.internal.npmjs.com',
149 silly install resolved        tmp: 'tmp/grunt-contrib-connect-1.0.1.tgz_1458657308989_0.2638553576543927' },
149 silly install resolved     directories: {},
149 silly install resolved     _resolved: 'https://registry.npmjs.org/grunt-contrib-connect/-/grunt-contrib-connect-1.0.1.tgz',
149 silly install resolved     readme: 'ERROR: No README data found!' } ]
150 info install grunt-contrib-connect@1.0.1 into D:\clifford
151 info installOne grunt-contrib-connect@1.0.1
152 verbose installOne of grunt-contrib-connect to D:\clifford not in flight; installing
153 verbose lock using C:\Users\mzsf\AppData\Roaming\npm-cache\_locks\grunt-contrib-connect-989d25cd34e77295.lock for D:\clifford\node_modules\grunt-contrib-connect
154 silly install write writing grunt-contrib-connect 1.0.1 to D:\clifford\node_modules\grunt-contrib-connect
155 verbose unbuild node_modules\grunt-contrib-connect
156 silly gentlyRm D:\clifford\node_modules\grunt-contrib-connect is being purged from base D:\clifford
157 verbose gentlyRm don't care about contents; nuking D:\clifford\node_modules\grunt-contrib-connect
158 verbose tar unpack C:\Users\mzsf\AppData\Roaming\npm-cache\grunt-contrib-connect\1.0.1\package.tgz
159 verbose tar unpacking to D:\clifford\node_modules\grunt-contrib-connect
160 silly gentlyRm D:\clifford\node_modules\grunt-contrib-connect is being purged
161 verbose gentlyRm don't care about contents; nuking D:\clifford\node_modules\grunt-contrib-connect
162 silly gunzTarPerm modes [ '777', '666' ]
163 silly gunzTarPerm extractEntry package.json
164 silly gunzTarPerm modified mode [ 'package.json', 420, 438 ]
165 silly gunzTarPerm extractEntry README.md
166 silly gunzTarPerm modified mode [ 'README.md', 420, 438 ]
167 silly gunzTarPerm extractEntry CHANGELOG
168 silly gunzTarPerm modified mode [ 'CHANGELOG', 420, 438 ]
169 silly gunzTarPerm extractEntry tasks/connect.js
170 silly gunzTarPerm modified mode [ 'tasks/connect.js', 420, 438 ]
171 silly gunzTarPerm extractEntry tasks/certs/ca.crt
172 silly gunzTarPerm modified mode [ 'tasks/certs/ca.crt', 420, 438 ]
173 silly gunzTarPerm extractEntry tasks/certs/ca.csr
174 silly gunzTarPerm modified mode [ 'tasks/certs/ca.csr', 420, 438 ]
175 silly gunzTarPerm extractEntry tasks/certs/ca.key
176 silly gunzTarPerm modified mode [ 'tasks/certs/ca.key', 420, 438 ]
177 silly gunzTarPerm extractEntry tasks/certs/ca.srl
178 silly gunzTarPerm modified mode [ 'tasks/certs/ca.srl', 420, 438 ]
179 silly gunzTarPerm extractEntry tasks/certs/server.crt
180 silly gunzTarPerm modified mode [ 'tasks/certs/server.crt', 420, 438 ]
181 silly gunzTarPerm extractEntry tasks/certs/server.csr
182 silly gunzTarPerm modified mode [ 'tasks/certs/server.csr', 420, 438 ]
183 silly gunzTarPerm extractEntry tasks/certs/server.key
184 silly gunzTarPerm modified mode [ 'tasks/certs/server.key', 420, 438 ]
185 silly gunzTarPerm extractEntry tasks/certs/server.key.org
186 silly gunzTarPerm modified mode [ 'tasks/certs/server.key.org', 420, 438 ]
187 verbose write writing to D:\clifford\node_modules\grunt-contrib-connect\package.json
188 info preinstall grunt-contrib-connect@1.0.1
189 verbose readDependencies loading dependencies from D:\clifford\node_modules\grunt-contrib-connect\package.json
190 silly prepareForInstallMany adding async@^1.5.2 from grunt-contrib-connect dependencies
191 silly prepareForInstallMany adding connect@^3.4.0 from grunt-contrib-connect dependencies
192 silly prepareForInstallMany adding connect-livereload@^0.5.0 from grunt-contrib-connect dependencies
193 silly prepareForInstallMany adding http2@git+https://github.com/gruntjs/node-http2.git#fix-return-value from grunt-contrib-connect dependencies
194 silly prepareForInstallMany adding morgan@^1.6.1 from grunt-contrib-connect dependencies
195 silly prepareForInstallMany adding opn@^4.0.0 from grunt-contrib-connect dependencies
196 silly prepareForInstallMany adding portscanner@^1.0.0 from grunt-contrib-connect dependencies
197 silly prepareForInstallMany adding serve-index@^1.7.1 from grunt-contrib-connect dependencies
198 silly prepareForInstallMany adding serve-static@^1.10.0 from grunt-contrib-connect dependencies
199 verbose readDependencies loading dependencies from D:\clifford\node_modules\grunt-contrib-connect\package.json
200 silly cache add args [ 'async@^1.5.2', null ]
201 verbose cache add spec async@^1.5.2
202 silly cache add args [ 'connect@^3.4.0', null ]
203 verbose cache add spec connect@^3.4.0
204 silly cache add parsed spec Result {
204 silly cache add   raw: 'async@^1.5.2',
204 silly cache add   scope: null,
204 silly cache add   name: 'async',
204 silly cache add   rawSpec: '^1.5.2',
204 silly cache add   spec: '>=1.5.2 <2.0.0',
204 silly cache add   type: 'range' }
205 silly addNamed async@>=1.5.2 <2.0.0
206 verbose addNamed ">=1.5.2 <2.0.0" is a valid semver range for async
207 silly addNameRange { name: 'async', range: '>=1.5.2 <2.0.0', hasData: false }
208 silly mapToRegistry name async
209 silly mapToRegistry using default registry
210 silly mapToRegistry registry https://registry.npmjs.org/
211 silly mapToRegistry uri https://registry.npmjs.org/async
212 verbose addNameRange registry:https://registry.npmjs.org/async not in flight; fetching
213 silly cache add parsed spec Result {
213 silly cache add   raw: 'connect@^3.4.0',
213 silly cache add   scope: null,
213 silly cache add   name: 'connect',
213 silly cache add   rawSpec: '^3.4.0',
213 silly cache add   spec: '>=3.4.0 <4.0.0',
213 silly cache add   type: 'range' }
214 silly addNamed connect@>=3.4.0 <4.0.0
215 verbose addNamed ">=3.4.0 <4.0.0" is a valid semver range for connect
216 silly addNameRange { name: 'connect', range: '>=3.4.0 <4.0.0', hasData: false }
217 silly mapToRegistry name connect
218 silly mapToRegistry using default registry
219 silly mapToRegistry registry https://registry.npmjs.org/
220 silly mapToRegistry uri https://registry.npmjs.org/connect
221 verbose addNameRange registry:https://registry.npmjs.org/connect not in flight; fetching
222 silly cache add args [ 'connect-livereload@^0.5.0', null ]
223 verbose cache add spec connect-livereload@^0.5.0
224 silly cache add parsed spec Result {
224 silly cache add   raw: 'connect-livereload@^0.5.0',
224 silly cache add   scope: null,
224 silly cache add   name: 'connect-livereload',
224 silly cache add   rawSpec: '^0.5.0',
224 silly cache add   spec: '>=0.5.0 <0.6.0',
224 silly cache add   type: 'range' }
225 silly addNamed connect-livereload@>=0.5.0 <0.6.0
226 verbose addNamed ">=0.5.0 <0.6.0" is a valid semver range for connect-livereload
227 silly addNameRange { name: 'connect-livereload',
227 silly addNameRange   range: '>=0.5.0 <0.6.0',
227 silly addNameRange   hasData: false }
228 silly mapToRegistry name connect-livereload
229 silly mapToRegistry using default registry
230 silly mapToRegistry registry https://registry.npmjs.org/
231 silly mapToRegistry uri https://registry.npmjs.org/connect-livereload
232 verbose addNameRange registry:https://registry.npmjs.org/connect-livereload not in flight; fetching
233 silly cache add args [ 'http2@git+https://github.com/gruntjs/node-http2.git#fix-return-value',
233 silly cache add   null ]
234 verbose cache add spec http2@git+https://github.com/gruntjs/node-http2.git#fix-return-value
235 silly cache add args [ 'morgan@^1.6.1', null ]
236 verbose cache add spec morgan@^1.6.1
237 silly cache add parsed spec Result {
237 silly cache add   raw: 'morgan@^1.6.1',
237 silly cache add   scope: null,
237 silly cache add   name: 'morgan',
237 silly cache add   rawSpec: '^1.6.1',
237 silly cache add   spec: '>=1.6.1 <2.0.0',
237 silly cache add   type: 'range' }
238 silly addNamed morgan@>=1.6.1 <2.0.0
239 verbose addNamed ">=1.6.1 <2.0.0" is a valid semver range for morgan
240 silly addNameRange { name: 'morgan', range: '>=1.6.1 <2.0.0', hasData: false }
241 silly mapToRegistry name morgan
242 silly mapToRegistry using default registry
243 silly mapToRegistry registry https://registry.npmjs.org/
244 silly mapToRegistry uri https://registry.npmjs.org/morgan
245 verbose addNameRange registry:https://registry.npmjs.org/morgan not in flight; fetching
246 silly cache add args [ 'opn@^4.0.0', null ]
247 verbose cache add spec opn@^4.0.0
248 silly cache add parsed spec Result {
248 silly cache add   raw: 'opn@^4.0.0',
248 silly cache add   scope: null,
248 silly cache add   name: 'opn',
248 silly cache add   rawSpec: '^4.0.0',
248 silly cache add   spec: '>=4.0.0 <5.0.0',
248 silly cache add   type: 'range' }
249 silly addNamed opn@>=4.0.0 <5.0.0
250 verbose addNamed ">=4.0.0 <5.0.0" is a valid semver range for opn
251 silly addNameRange { name: 'opn', range: '>=4.0.0 <5.0.0', hasData: false }
252 silly mapToRegistry name opn
253 silly mapToRegistry using default registry
254 silly mapToRegistry registry https://registry.npmjs.org/
255 silly mapToRegistry uri https://registry.npmjs.org/opn
256 verbose addNameRange registry:https://registry.npmjs.org/opn not in flight; fetching
257 silly cache add args [ 'portscanner@^1.0.0', null ]
258 verbose cache add spec portscanner@^1.0.0
259 silly cache add parsed spec Result {
259 silly cache add   raw: 'portscanner@^1.0.0',
259 silly cache add   scope: null,
259 silly cache add   name: 'portscanner',
259 silly cache add   rawSpec: '^1.0.0',
259 silly cache add   spec: '>=1.0.0 <2.0.0',
259 silly cache add   type: 'range' }
260 silly addNamed portscanner@>=1.0.0 <2.0.0
261 verbose addNamed ">=1.0.0 <2.0.0" is a valid semver range for portscanner
262 silly addNameRange { name: 'portscanner', range: '>=1.0.0 <2.0.0', hasData: false }
263 silly mapToRegistry name portscanner
264 silly mapToRegistry using default registry
265 silly mapToRegistry registry https://registry.npmjs.org/
266 silly mapToRegistry uri https://registry.npmjs.org/portscanner
267 verbose addNameRange registry:https://registry.npmjs.org/portscanner not in flight; fetching
268 silly cache add args [ 'serve-index@^1.7.1', null ]
269 verbose cache add spec serve-index@^1.7.1
270 silly cache add parsed spec Result {
270 silly cache add   raw: 'serve-index@^1.7.1',
270 silly cache add   scope: null,
270 silly cache add   name: 'serve-index',
270 silly cache add   rawSpec: '^1.7.1',
270 silly cache add   spec: '>=1.7.1 <2.0.0',
270 silly cache add   type: 'range' }
271 silly addNamed serve-index@>=1.7.1 <2.0.0
272 verbose addNamed ">=1.7.1 <2.0.0" is a valid semver range for serve-index
273 silly addNameRange { name: 'serve-index', range: '>=1.7.1 <2.0.0', hasData: false }
274 silly mapToRegistry name serve-index
275 silly mapToRegistry using default registry
276 silly mapToRegistry registry https://registry.npmjs.org/
277 silly mapToRegistry uri https://registry.npmjs.org/serve-index
278 verbose addNameRange registry:https://registry.npmjs.org/serve-index not in flight; fetching
279 silly cache add args [ 'serve-static@^1.10.0', null ]
280 verbose cache add spec serve-static@^1.10.0
281 silly cache add parsed spec Result {
281 silly cache add   raw: 'serve-static@^1.10.0',
281 silly cache add   scope: null,
281 silly cache add   name: 'serve-static',
281 silly cache add   rawSpec: '^1.10.0',
281 silly cache add   spec: '>=1.10.0 <2.0.0',
281 silly cache add   type: 'range' }
282 silly addNamed serve-static@>=1.10.0 <2.0.0
283 verbose addNamed ">=1.10.0 <2.0.0" is a valid semver range for serve-static
284 silly addNameRange { name: 'serve-static',
284 silly addNameRange   range: '>=1.10.0 <2.0.0',
284 silly addNameRange   hasData: false }
285 silly mapToRegistry name serve-static
286 silly mapToRegistry using default registry
287 silly mapToRegistry registry https://registry.npmjs.org/
288 silly mapToRegistry uri https://registry.npmjs.org/serve-static
289 verbose addNameRange registry:https://registry.npmjs.org/serve-static not in flight; fetching
290 silly cache add parsed spec Result {
290 silly cache add   raw: 'http2@git+https://github.com/gruntjs/node-http2.git#fix-return-value',
290 silly cache add   scope: null,
290 silly cache add   name: 'http2',
290 silly cache add   rawSpec: 'git+https://github.com/gruntjs/node-http2.git#fix-return-value',
290 silly cache add   spec: 'git+https://github.com/gruntjs/node-http2.git#fix-return-value',
290 silly cache add   type: 'hosted',
290 silly cache add   hosted:
290 silly cache add    { type: 'github',
290 silly cache add      ssh: 'git@github.com:gruntjs/node-http2.git#fix-return-value',
290 silly cache add      sshUrl: 'git+ssh://git@github.com/gruntjs/node-http2.git#fix-return-value',
290 silly cache add      httpsUrl: 'git+https://github.com/gruntjs/node-http2.git#fix-return-value',
290 silly cache add      gitUrl: 'git://github.com/gruntjs/node-http2.git#fix-return-value',
290 silly cache add      shortcut: 'github:gruntjs/node-http2#fix-return-value',
290 silly cache add      directUrl: 'https://raw.githubusercontent.com/gruntjs/node-http2/fix-return-value/package.json' } }
291 verbose addRemoteGit caching git+https://github.com/gruntjs/node-http2.git#fix-return-value
292 verbose addRemoteGit git+https://github.com/gruntjs/node-http2.git#fix-return-value is a repository hosted by github
293 silly tryClone cloning git+https://github.com/gruntjs/node-http2.git#fix-return-value via git+https://github.com/gruntjs/node-http2.git#fix-return-value
294 verbose tryClone https-github-com-gruntjs-node-http2-git-f064bfa3 not in flight; caching
295 verbose request uri https://registry.npmjs.org/async
296 verbose request no auth needed
297 info attempt registry request try #1 at 12:13:34
298 verbose etag "DICO7Z774E45BWA8B15AR0B1X"
299 http request GET https://registry.npmjs.org/async
300 verbose request uri https://registry.npmjs.org/connect
301 verbose request no auth needed
302 info attempt registry request try #1 at 12:13:34
303 verbose etag "A3I1BQBN1HUN10SGA6AHRMY7E"
304 http request GET https://registry.npmjs.org/connect
305 verbose request uri https://registry.npmjs.org/connect-livereload
306 verbose request no auth needed
307 info attempt registry request try #1 at 12:13:34
308 verbose etag "BQDC4JANQ6YTLD61UBZ2NHPVT"
309 http request GET https://registry.npmjs.org/connect-livereload
310 verbose request uri https://registry.npmjs.org/opn
311 verbose request no auth needed
312 info attempt registry request try #1 at 12:13:34
313 verbose etag "2SFQ51VQSQ35LLGA8LIHY3PPM"
314 http request GET https://registry.npmjs.org/opn
315 verbose request uri https://registry.npmjs.org/morgan
316 verbose request no auth needed
317 info attempt registry request try #1 at 12:13:34
318 verbose etag "1IRFVQ06YM0K007PGFEDR2XJ0"
319 http request GET https://registry.npmjs.org/morgan
320 verbose request uri https://registry.npmjs.org/serve-static
321 verbose request no auth needed
322 info attempt registry request try #1 at 12:13:34
323 verbose etag "6ZZRX48BEOQ86MHGYAJT07PYZ"
324 http request GET https://registry.npmjs.org/serve-static
325 verbose request uri https://registry.npmjs.org/portscanner
326 verbose request no auth needed
327 info attempt registry request try #1 at 12:13:34
328 verbose etag "646JB0HG87UI8J9OY1FVJ946N"
329 http request GET https://registry.npmjs.org/portscanner
330 verbose request uri https://registry.npmjs.org/serve-index
331 verbose request no auth needed
332 info attempt registry request try #1 at 12:13:34
333 verbose etag "6SW6GDY9162HNM4VCG00EZ1I5"
334 http request GET https://registry.npmjs.org/serve-index
335 warn addRemoteGit Error: not found: git
335 warn addRemoteGit     at F (D:\Program Files\nodejs\node_modules\npm\node_modules\which\which.js:78:19)
335 warn addRemoteGit     at E (D:\Program Files\nodejs\node_modules\npm\node_modules\which\which.js:82:29)
335 warn addRemoteGit     at D:\Program Files\nodejs\node_modules\npm\node_modules\which\which.js:93:16
335 warn addRemoteGit     at FSReqWrap.oncomplete (fs.js:82:15)
335 warn addRemoteGit  git+https://github.com/gruntjs/node-http2.git#fix-return-value resetting remote C:\Users\mzsf\AppData\Roaming\npm-cache\_git-remotes\https-github-com-gruntjs-node-http2-git-f064bfa3 because of error: { [Error: not found: git] code: 'ENOGIT' }
336 info resetRemote resetting C:\Users\mzsf\AppData\Roaming\npm-cache\_git-remotes\https-github-com-gruntjs-node-http2-git-f064bfa3 for git+https://github.com/gruntjs/node-http2.git#fix-return-value
337 silly gentlyRm C:\Users\mzsf\AppData\Roaming\npm-cache\_git-remotes\https-github-com-gruntjs-node-http2-git-f064bfa3 is being purged
338 verbose gentlyRm don't care about contents; nuking C:\Users\mzsf\AppData\Roaming\npm-cache\_git-remotes\https-github-com-gruntjs-node-http2-git-f064bfa3
339 silly vacuum-fs purging C:\Users\mzsf\AppData\Roaming\npm-cache\_git-remotes\https-github-com-gruntjs-node-http2-git-f064bfa3
340 silly vacuum-fs quitting because other entries in C:\Users\mzsf\AppData\Roaming\npm-cache\_git-remotes
341 error git clone --template=C:\Users\mzsf\AppData\Roaming\npm-cache\_git-remotes\_templates --mirror https://github.com/gruntjs/node-http2.git C:\Users\mzsf\AppData\Roaming\npm-cache\_git-remotes\https-github-com-gruntjs-node-http2-git-f064bfa3: undefined
341 error git clone --template=C:\Users\mzsf\AppData\Roaming\npm-cache\_git-remotes\_templates --mirror https://github.com/gruntjs/node-http2.git C:\Users\mzsf\AppData\Roaming\npm-cache\_git-remotes\https-github-com-gruntjs-node-http2-git-f064bfa3: undefined
342 http 304 https://registry.npmjs.org/serve-static
343 verbose headers { date: 'Tue, 19 Apr 2016 04:13:34 GMT',
343 verbose headers   via: '1.1 varnish',
343 verbose headers   'cache-control': 'max-age=300',
343 verbose headers   etag: '"6ZZRX48BEOQ86MHGYAJT07PYZ"',
343 verbose headers   age: '105',
343 verbose headers   connection: 'keep-alive',
343 verbose headers   'x-served-by': 'cache-lcy1125-LCY',
343 verbose headers   'x-cache': 'HIT',
343 verbose headers   'x-cache-hits': '2',
343 verbose headers   'x-timer': 'S1461039214.664479,VS0,VE0',
343 verbose headers   vary: 'Accept-Encoding' }
344 silly get cb [ 304,
344 silly get   { date: 'Tue, 19 Apr 2016 04:13:34 GMT',
344 silly get     via: '1.1 varnish',
344 silly get     'cache-control': 'max-age=300',
344 silly get     etag: '"6ZZRX48BEOQ86MHGYAJT07PYZ"',
344 silly get     age: '105',
344 silly get     connection: 'keep-alive',
344 silly get     'x-served-by': 'cache-lcy1125-LCY',
344 silly get     'x-cache': 'HIT',
344 silly get     'x-cache-hits': '2',
344 silly get     'x-timer': 'S1461039214.664479,VS0,VE0',
344 silly get     vary: 'Accept-Encoding' } ]
345 verbose etag https://registry.npmjs.org/serve-static from cache
346 verbose get saving serve-static to C:\Users\mzsf\AppData\Roaming\npm-cache\registry.npmjs.org\serve-static\.cache.json
347 http 304 https://registry.npmjs.org/portscanner
348 verbose headers { date: 'Tue, 19 Apr 2016 04:13:34 GMT',
348 verbose headers   via: '1.1 varnish',
348 verbose headers   'cache-control': 'max-age=300',
348 verbose headers   etag: '"646JB0HG87UI8J9OY1FVJ946N"',
348 verbose headers   age: '65',
348 verbose headers   connection: 'keep-alive',
348 verbose headers   'x-served-by': 'cache-lcy1124-LCY',
348 verbose headers   'x-cache': 'HIT',
348 verbose headers   'x-cache-hits': '1',
348 verbose headers   'x-timer': 'S1461039214.669411,VS0,VE0',
348 verbose headers   vary: 'Accept-Encoding' }
349 silly get cb [ 304,
349 silly get   { date: 'Tue, 19 Apr 2016 04:13:34 GMT',
349 silly get     via: '1.1 varnish',
349 silly get     'cache-control': 'max-age=300',
349 silly get     etag: '"646JB0HG87UI8J9OY1FVJ946N"',
349 silly get     age: '65',
349 silly get     connection: 'keep-alive',
349 silly get     'x-served-by': 'cache-lcy1124-LCY',
349 silly get     'x-cache': 'HIT',
349 silly get     'x-cache-hits': '1',
349 silly get     'x-timer': 'S1461039214.669411,VS0,VE0',
349 silly get     vary: 'Accept-Encoding' } ]
350 verbose etag https://registry.npmjs.org/portscanner from cache
351 verbose get saving portscanner to C:\Users\mzsf\AppData\Roaming\npm-cache\registry.npmjs.org\portscanner\.cache.json
352 silly addNameRange number 2 { name: 'serve-static', range: '>=1.10.0 <2.0.0', hasData: true }
353 silly addNameRange versions [ 'serve-static',
353 silly addNameRange   [ '1.0.0',
353 silly addNameRange     '1.0.1',
353 silly addNameRange     '1.0.2',
353 silly addNameRange     '1.0.3',
353 silly addNameRange     '1.0.4',
353 silly addNameRange     '1.1.0',
353 silly addNameRange     '1.2.0',
353 silly addNameRange     '1.2.1',
353 silly addNameRange     '1.2.2',
353 silly addNameRange     '1.2.3',
353 silly addNameRange     '1.3.0',
353 silly addNameRange     '1.3.1',
353 silly addNameRange     '1.3.2',
353 silly addNameRange     '1.4.0',
353 silly addNameRange     '1.4.1',
353 silly addNameRange     '1.4.2',
353 silly addNameRange     '1.4.3',
353 silly addNameRange     '1.4.4',
353 silly addNameRange     '1.5.0',
353 silly addNameRange     '1.5.1',
353 silly addNameRange     '1.5.2',
353 silly addNameRange     '1.5.3',
353 silly addNameRange     '1.5.4',
353 silly addNameRange     '1.6.0',
353 silly addNameRange     '1.6.1',
353 silly addNameRange     '1.6.2',
353 silly addNameRange     '1.6.3',
353 silly addNameRange     '1.6.4',
353 silly addNameRange     '1.7.0',
353 silly addNameRange     '1.7.1',
353 silly addNameRange     '1.7.2',
353 silly addNameRange     '1.8.0',
353 silly addNameRange     '1.8.1',
353 silly addNameRange     '1.6.5',
353 silly addNameRange     '1.9.0',
353 silly addNameRange     '1.9.1',
353 silly addNameRange     '1.9.2',
353 silly addNameRange     '1.9.3',
353 silly addNameRange     '1.10.0',
353 silly addNameRange     '1.10.1',
353 silly addNameRange     '1.10.2' ] ]
354 silly addNamed serve-static@1.10.2
355 verbose addNamed "1.10.2" is a plain semver version for serve-static
356 silly addNameRange number 2 { name: 'portscanner', range: '>=1.0.0 <2.0.0', hasData: true }
357 silly addNameRange versions [ 'portscanner',
357 silly addNameRange   [ '0.1.0',
357 silly addNameRange     '0.1.1',
357 silly addNameRange     '0.1.2',
357 silly addNameRange     '0.1.3',
357 silly addNameRange     '0.2.0',
357 silly addNameRange     '0.2.1',
357 silly addNameRange     '0.2.2',
357 silly addNameRange     '0.2.3',
357 silly addNameRange     '1.0.0' ] ]
358 silly addNamed portscanner@1.0.0
359 verbose addNamed "1.0.0" is a plain semver version for portscanner
360 http 304 https://registry.npmjs.org/opn
361 verbose headers { date: 'Tue, 19 Apr 2016 04:13:34 GMT',
361 verbose headers   via: '1.1 varnish',
361 verbose headers   'cache-control': 'max-age=300',
361 verbose headers   etag: '"2SFQ51VQSQ35LLGA8LIHY3PPM"',
361 verbose headers   age: '297',
361 verbose headers   connection: 'keep-alive',
361 verbose headers   'x-served-by': 'cache-lcy1132-LCY',
361 verbose headers   'x-cache': 'HIT',
361 verbose headers   'x-cache-hits': '3',
361 verbose headers   'x-timer': 'S1461039214.679643,VS0,VE0',
361 verbose headers   vary: 'Accept-Encoding' }
362 silly get cb [ 304,
362 silly get   { date: 'Tue, 19 Apr 2016 04:13:34 GMT',
362 silly get     via: '1.1 varnish',
362 silly get     'cache-control': 'max-age=300',
362 silly get     etag: '"2SFQ51VQSQ35LLGA8LIHY3PPM"',
362 silly get     age: '297',
362 silly get     connection: 'keep-alive',
362 silly get     'x-served-by': 'cache-lcy1132-LCY',
362 silly get     'x-cache': 'HIT',
362 silly get     'x-cache-hits': '3',
362 silly get     'x-timer': 'S1461039214.679643,VS0,VE0',
362 silly get     vary: 'Accept-Encoding' } ]
363 verbose etag https://registry.npmjs.org/opn from cache
364 verbose get saving opn to C:\Users\mzsf\AppData\Roaming\npm-cache\registry.npmjs.org\opn\.cache.json
365 http 304 https://registry.npmjs.org/connect-livereload
366 verbose headers { date: 'Tue, 19 Apr 2016 04:13:34 GMT',
366 verbose headers   via: '1.1 varnish',
366 verbose headers   'cache-control': 'max-age=300',
366 verbose headers   etag: '"BQDC4JANQ6YTLD61UBZ2NHPVT"',
366 verbose headers   age: '65',
366 verbose headers   connection: 'keep-alive',
366 verbose headers   'x-served-by': 'cache-lcy1126-LCY',
366 verbose headers   'x-cache': 'HIT',
366 verbose headers   'x-cache-hits': '1',
366 verbose headers   'x-timer': 'S1461039214.682094,VS0,VE0',
366 verbose headers   vary: 'Accept-Encoding' }
367 silly get cb [ 304,
367 silly get   { date: 'Tue, 19 Apr 2016 04:13:34 GMT',
367 silly get     via: '1.1 varnish',
367 silly get     'cache-control': 'max-age=300',
367 silly get     etag: '"BQDC4JANQ6YTLD61UBZ2NHPVT"',
367 silly get     age: '65',
367 silly get     connection: 'keep-alive',
367 silly get     'x-served-by': 'cache-lcy1126-LCY',
367 silly get     'x-cache': 'HIT',
367 silly get     'x-cache-hits': '1',
367 silly get     'x-timer': 'S1461039214.682094,VS0,VE0',
367 silly get     vary: 'Accept-Encoding' } ]
368 verbose etag https://registry.npmjs.org/connect-livereload from cache
369 verbose get saving connect-livereload to C:\Users\mzsf\AppData\Roaming\npm-cache\registry.npmjs.org\connect-livereload\.cache.json
370 silly addNameRange number 2 { name: 'opn', range: '>=4.0.0 <5.0.0', hasData: true }
371 silly addNameRange versions [ 'opn',
371 silly addNameRange   [ '0.1.0',
371 silly addNameRange     '0.1.1',
371 silly addNameRange     '0.1.2',
371 silly addNameRange     '1.0.0',
371 silly addNameRange     '1.0.1',
371 silly addNameRange     '1.0.2',
371 silly addNameRange     '2.0.0',
371 silly addNameRange     '2.0.1',
371 silly addNameRange     '3.0.0',
371 silly addNameRange     '3.0.1',
371 silly addNameRange     '3.0.2',
371 silly addNameRange     '3.0.3',
371 silly addNameRange     '4.0.0',
371 silly addNameRange     '4.0.1' ] ]
372 silly addNamed opn@4.0.1
373 verbose addNamed "4.0.1" is a plain semver version for opn
374 silly addNameRange number 2 { name: 'connect-livereload',
374 silly addNameRange   range: '>=0.5.0 <0.6.0',
374 silly addNameRange   hasData: true }
375 silly addNameRange versions [ 'connect-livereload',
375 silly addNameRange   [ '0.0.2',
375 silly addNameRange     '0.0.3',
375 silly addNameRange     '0.1.0',
375 silly addNameRange     '0.1.1',
375 silly addNameRange     '0.1.2',
375 silly addNameRange     '0.1.3',
375 silly addNameRange     '0.1.4',
375 silly addNameRange     '0.2.0',
375 silly addNameRange     '0.3.0',
375 silly addNameRange     '0.3.1',
375 silly addNameRange     '0.3.2',
375 silly addNameRange     '0.4.0',
375 silly addNameRange     '0.4.1',
375 silly addNameRange     '0.5.0',
375 silly addNameRange     '0.5.1',
375 silly addNameRange     '0.5.2',
375 silly addNameRange     '0.5.3',
375 silly addNameRange     '0.5.4' ] ]
376 silly addNamed connect-livereload@0.5.4
377 verbose addNamed "0.5.4" is a plain semver version for connect-livereload
378 http 304 https://registry.npmjs.org/serve-index
379 verbose headers { date: 'Tue, 19 Apr 2016 04:13:34 GMT',
379 verbose headers   via: '1.1 varnish',
379 verbose headers   'cache-control': 'max-age=300',
379 verbose headers   etag: '"6SW6GDY9162HNM4VCG00EZ1I5"',
379 verbose headers   age: '70',
379 verbose headers   connection: 'keep-alive',
379 verbose headers   'x-served-by': 'cache-lcy1122-LCY',
379 verbose headers   'x-cache': 'HIT',
379 verbose headers   'x-cache-hits': '1',
379 verbose headers   'x-timer': 'S1461039214.706473,VS0,VE0',
379 verbose headers   vary: 'Accept-Encoding' }
380 silly get cb [ 304,
380 silly get   { date: 'Tue, 19 Apr 2016 04:13:34 GMT',
380 silly get     via: '1.1 varnish',
380 silly get     'cache-control': 'max-age=300',
380 silly get     etag: '"6SW6GDY9162HNM4VCG00EZ1I5"',
380 silly get     age: '70',
380 silly get     connection: 'keep-alive',
380 silly get     'x-served-by': 'cache-lcy1122-LCY',
380 silly get     'x-cache': 'HIT',
380 silly get     'x-cache-hits': '1',
380 silly get     'x-timer': 'S1461039214.706473,VS0,VE0',
380 silly get     vary: 'Accept-Encoding' } ]
381 verbose etag https://registry.npmjs.org/serve-index from cache
382 verbose get saving serve-index to C:\Users\mzsf\AppData\Roaming\npm-cache\registry.npmjs.org\serve-index\.cache.json
383 silly cache afterAdd serve-static@1.10.2
384 verbose afterAdd C:\Users\mzsf\AppData\Roaming\npm-cache\serve-static\1.10.2\package\package.json not in flight; writing
385 silly cache afterAdd portscanner@1.0.0
386 verbose afterAdd C:\Users\mzsf\AppData\Roaming\npm-cache\portscanner\1.0.0\package\package.json not in flight; writing
387 http 200 https://registry.npmjs.org/morgan
388 verbose headers { server: 'CouchDB/1.5.0 (Erlang OTP/R16B03)',
388 verbose headers   etag: '"BKXFE1OSVS4LPT1K9HIH88KDY"',
388 verbose headers   'content-type': 'application/json',
388 verbose headers   'content-encoding': 'gzip',
388 verbose headers   'cache-control': 'max-age=300',
388 verbose headers   'content-length': '8806',
388 verbose headers   'accept-ranges': 'bytes',
388 verbose headers   date: 'Tue, 19 Apr 2016 04:13:34 GMT',
388 verbose headers   via: '1.1 varnish',
388 verbose headers   age: '133',
388 verbose headers   connection: 'keep-alive',
388 verbose headers   'x-served-by': 'cache-lcy1135-LCY',
388 verbose headers   'x-cache': 'HIT',
388 verbose headers   'x-cache-hits': '1',
388 verbose headers   'x-timer': 'S1461039214.684489,VS0,VE0',
388 verbose headers   vary: 'Accept-Encoding' }
389 silly get cb [ 200,
389 silly get   { server: 'CouchDB/1.5.0 (Erlang OTP/R16B03)',
389 silly get     etag: '"BKXFE1OSVS4LPT1K9HIH88KDY"',
389 silly get     'content-type': 'application/json',
389 silly get     'content-encoding': 'gzip',
389 silly get     'cache-control': 'max-age=300',
389 silly get     'content-length': '8806',
389 silly get     'accept-ranges': 'bytes',
389 silly get     date: 'Tue, 19 Apr 2016 04:13:34 GMT',
389 silly get     via: '1.1 varnish',
389 silly get     age: '133',
389 silly get     connection: 'keep-alive',
389 silly get     'x-served-by': 'cache-lcy1135-LCY',
389 silly get     'x-cache': 'HIT',
389 silly get     'x-cache-hits': '1',
389 silly get     'x-timer': 'S1461039214.684489,VS0,VE0',
389 silly get     vary: 'Accept-Encoding' } ]
390 verbose get saving morgan to C:\Users\mzsf\AppData\Roaming\npm-cache\registry.npmjs.org\morgan\.cache.json
391 verbose afterAdd C:\Users\mzsf\AppData\Roaming\npm-cache\serve-static\1.10.2\package\package.json written
392 silly addNameRange number 2 { name: 'serve-index', range: '>=1.7.1 <2.0.0', hasData: true }
393 silly addNameRange versions [ 'serve-index',
393 silly addNameRange   [ '1.0.0',
393 silly addNameRange     '1.0.1',
393 silly addNameRange     '1.0.2',
393 silly addNameRange     '1.0.3',
393 silly addNameRange     '1.1.0',
393 silly addNameRange     '1.1.1',
393 silly addNameRange     '1.1.2',
393 silly addNameRange     '1.1.3',
393 silly addNameRange     '1.1.4',
393 silly addNameRange     '1.1.5',
393 silly addNameRange     '1.1.6',
393 silly addNameRange     '1.2.0',
393 silly addNameRange     '1.2.1',
393 silly addNameRange     '1.3.0',
393 silly addNameRange     '1.3.1',
393 silly addNameRange     '1.4.0',
393 silly addNameRange     '1.4.1',
393 silly addNameRange     '1.5.0',
393 silly addNameRange     '1.5.1',
393 silly addNameRange     '1.5.2',
393 silly addNameRange     '1.5.3',
393 silly addNameRange     '1.6.0',
393 silly addNameRange     '1.6.1',
393 silly addNameRange     '1.6.2',
393 silly addNameRange     '1.6.3',
393 silly addNameRange     '1.6.4',
393 silly addNameRange     '1.7.0',
393 silly addNameRange     '1.7.1',
393 silly addNameRange     '1.7.2',
393 silly addNameRange     '1.7.3' ] ]
394 silly addNamed serve-index@1.7.3
395 verbose addNamed "1.7.3" is a plain semver version for serve-index
396 verbose afterAdd C:\Users\mzsf\AppData\Roaming\npm-cache\portscanner\1.0.0\package\package.json written
397 silly addNameRange number 2 { name: 'morgan', range: '>=1.6.1 <2.0.0', hasData: true }
398 silly addNameRange versions [ 'morgan',
398 silly addNameRange   [ '1.0.0',
398 silly addNameRange     '1.0.1',
398 silly addNameRange     '1.1.0',
398 silly addNameRange     '1.1.1',
398 silly addNameRange     '1.2.0',
398 silly addNameRange     '1.2.1',
398 silly addNameRange     '1.2.2',
398 silly addNameRange     '1.2.3',
398 silly addNameRange     '1.3.0',
398 silly addNameRange     '1.3.1',
398 silly addNameRange     '1.3.2',
398 silly addNameRange     '1.4.0',
398 silly addNameRange     '1.4.1',
398 silly addNameRange     '1.5.0',
398 silly addNameRange     '1.5.1',
398 silly addNameRange     '1.5.2',
398 silly addNameRange     '1.5.3',
398 silly addNameRange     '1.6.0',
398 silly addNameRange     '1.6.1',
398 silly addNameRange     '1.7.0' ] ]
399 silly addNamed morgan@1.7.0
400 verbose addNamed "1.7.0" is a plain semver version for morgan
401 silly cache afterAdd connect-livereload@0.5.4
402 verbose afterAdd C:\Users\mzsf\AppData\Roaming\npm-cache\connect-livereload\0.5.4\package\package.json not in flight; writing
403 verbose afterAdd C:\Users\mzsf\AppData\Roaming\npm-cache\connect-livereload\0.5.4\package\package.json written
404 silly cache afterAdd morgan@1.7.0
405 verbose afterAdd C:\Users\mzsf\AppData\Roaming\npm-cache\morgan\1.7.0\package\package.json not in flight; writing
406 verbose afterAdd C:\Users\mzsf\AppData\Roaming\npm-cache\morgan\1.7.0\package\package.json written
407 silly cache afterAdd serve-index@1.7.3
408 verbose afterAdd C:\Users\mzsf\AppData\Roaming\npm-cache\serve-index\1.7.3\package\package.json not in flight; writing
409 verbose afterAdd C:\Users\mzsf\AppData\Roaming\npm-cache\serve-index\1.7.3\package\package.json written
410 silly cache afterAdd opn@4.0.1
411 verbose afterAdd C:\Users\mzsf\AppData\Roaming\npm-cache\opn\4.0.1\package\package.json not in flight; writing
412 verbose afterAdd C:\Users\mzsf\AppData\Roaming\npm-cache\opn\4.0.1\package\package.json written
413 http 200 https://registry.npmjs.org/async
414 verbose headers { server: 'CouchDB/1.5.0 (Erlang OTP/R16B03)',
414 verbose headers   etag: '"9V5LMG2171TP48IOBPDHOLRL3"',
414 verbose headers   'content-type': 'application/json',
414 verbose headers   'cache-control': 'max-age=300',
414 verbose headers   'content-length': '158498',
414 verbose headers   'accept-ranges': 'bytes',
414 verbose headers   date: 'Tue, 19 Apr 2016 04:13:34 GMT',
414 verbose headers   via: '1.1 varnish',
414 verbose headers   age: '170',
414 verbose headers   connection: 'keep-alive',
414 verbose headers   'x-served-by': 'cache-lcy1124-LCY',
414 verbose headers   'x-cache': 'HIT',
414 verbose headers   'x-cache-hits': '6',
414 verbose headers   'x-timer': 'S1461039214.632898,VS0,VE0',
414 verbose headers   vary: 'Accept-Encoding' }
415 silly get cb [ 200,
415 silly get   { server: 'CouchDB/1.5.0 (Erlang OTP/R16B03)',
415 silly get     etag: '"9V5LMG2171TP48IOBPDHOLRL3"',
415 silly get     'content-type': 'application/json',
415 silly get     'cache-control': 'max-age=300',
415 silly get     'content-length': '158498',
415 silly get     'accept-ranges': 'bytes',
415 silly get     date: 'Tue, 19 Apr 2016 04:13:34 GMT',
415 silly get     via: '1.1 varnish',
415 silly get     age: '170',
415 silly get     connection: 'keep-alive',
415 silly get     'x-served-by': 'cache-lcy1124-LCY',
415 silly get     'x-cache': 'HIT',
415 silly get     'x-cache-hits': '6',
415 silly get     'x-timer': 'S1461039214.632898,VS0,VE0',
415 silly get     vary: 'Accept-Encoding' } ]
416 verbose get saving async to C:\Users\mzsf\AppData\Roaming\npm-cache\registry.npmjs.org\async\.cache.json
417 silly addNameRange number 2 { name: 'async', range: '>=1.5.2 <2.0.0', hasData: true }
418 silly addNameRange versions [ 'async',
418 silly addNameRange   [ '0.1.0',
418 silly addNameRange     '0.1.1',
418 silly addNameRange     '0.1.2',
418 silly addNameRange     '0.1.3',
418 silly addNameRange     '0.1.4',
418 silly addNameRange     '0.1.5',
418 silly addNameRange     '0.1.6',
418 silly addNameRange     '0.1.7',
418 silly addNameRange     '0.1.8',
418 silly addNameRange     '0.1.9',
418 silly addNameRange     '0.1.10',
418 silly addNameRange     '0.1.11',
418 silly addNameRange     '0.1.12',
418 silly addNameRange     '0.1.13',
418 silly addNameRange     '0.1.14',
418 silly addNameRange     '0.1.15',
418 silly addNameRange     '0.1.16',
418 silly addNameRange     '0.1.17',
418 silly addNameRange     '0.1.18',
418 silly addNameRange     '0.1.19',
418 silly addNameRange     '0.1.20',
418 silly addNameRange     '0.1.21',
418 silly addNameRange     '0.1.22',
418 silly addNameRange     '0.2.0',
418 silly addNameRange     '0.2.1',
418 silly addNameRange     '0.2.2',
418 silly addNameRange     '0.2.3',
418 silly addNameRange     '0.2.4',
418 silly addNameRange     '0.2.5',
418 silly addNameRange     '0.2.6',
418 silly addNameRange     '0.2.7',
418 silly addNameRange     '0.2.8',
418 silly addNameRange     '0.2.9',
418 silly addNameRange     '0.2.10',
418 silly addNameRange     '0.3.0',
418 silly addNameRange     '0.4.0',
418 silly addNameRange     '0.4.1',
418 silly addNameRange     '0.5.0',
418 silly addNameRange     '0.6.0',
418 silly addNameRange     '0.6.1',
418 silly addNameRange     '0.6.2',
418 silly addNameRange     '0.7.0',
418 silly addNameRange     '0.8.0',
418 silly addNameRange     '0.9.0',
418 silly addNameRange     '0.9.2',
418 silly addNameRange     '1.0.0',
418 silly addNameRange     '1.1.0',
418 silly addNameRange     '1.2.0',
418 silly addNameRange     '1.1.1',
418 silly addNameRange     '1.2.1',
418 silly addNameRange     '1.3.0',
418 silly addNameRange     '1.4.0',
418 silly addNameRange     '1.4.1',
418 silly addNameRange     '1.4.2',
418 silly addNameRange     '1.5.0',
418 silly addNameRange     '1.5.1',
418 silly addNameRange     '1.5.2',
418 silly addNameRange     '2.0.0-alpha.0',
418 silly addNameRange     '2.0.0-rc.1',
418 silly addNameRange     '2.0.0-rc.2',
418 silly addNameRange     '2.0.0-rc.3' ] ]
419 silly addNamed async@1.5.2
420 verbose addNamed "1.5.2" is a plain semver version for async
421 silly cache afterAdd async@1.5.2
422 verbose afterAdd C:\Users\mzsf\AppData\Roaming\npm-cache\async\1.5.2\package\package.json not in flight; writing
423 verbose afterAdd C:\Users\mzsf\AppData\Roaming\npm-cache\async\1.5.2\package\package.json written
424 http 200 https://registry.npmjs.org/connect
425 verbose headers { server: 'CouchDB/1.5.0 (Erlang OTP/R16B03)',
425 verbose headers   etag: '"C5CDVK4P15OBBO9IGGUUTHFJ6"',
425 verbose headers   'content-type': 'application/json',
425 verbose headers   'cache-control': 'max-age=300',
425 verbose headers   'content-length': '334477',
425 verbose headers   'accept-ranges': 'bytes',
425 verbose headers   date: 'Tue, 19 Apr 2016 04:13:34 GMT',
425 verbose headers   via: '1.1 varnish',
425 verbose headers   age: '167',
425 verbose headers   connection: 'keep-alive',
425 verbose headers   'x-served-by': 'cache-lcy1123-LCY',
425 verbose headers   'x-cache': 'HIT',
425 verbose headers   'x-cache-hits': '1',
425 verbose headers   'x-timer': 'S1461039214.661225,VS0,VE1',
425 verbose headers   vary: 'Accept-Encoding' }
426 silly get cb [ 200,
426 silly get   { server: 'CouchDB/1.5.0 (Erlang OTP/R16B03)',
426 silly get     etag: '"C5CDVK4P15OBBO9IGGUUTHFJ6"',
426 silly get     'content-type': 'application/json',
426 silly get     'cache-control': 'max-age=300',
426 silly get     'content-length': '334477',
426 silly get     'accept-ranges': 'bytes',
426 silly get     date: 'Tue, 19 Apr 2016 04:13:34 GMT',
426 silly get     via: '1.1 varnish',
426 silly get     age: '167',
426 silly get     connection: 'keep-alive',
426 silly get     'x-served-by': 'cache-lcy1123-LCY',
426 silly get     'x-cache': 'HIT',
426 silly get     'x-cache-hits': '1',
426 silly get     'x-timer': 'S1461039214.661225,VS0,VE1',
426 silly get     vary: 'Accept-Encoding' } ]
427 verbose get saving connect to C:\Users\mzsf\AppData\Roaming\npm-cache\registry.npmjs.org\connect\.cache.json
428 silly addNameRange number 2 { name: 'connect', range: '>=3.4.0 <4.0.0', hasData: true }
429 silly addNameRange versions [ 'connect',
429 silly addNameRange   [ '0.0.1',
429 silly addNameRange     '0.0.2',
429 silly addNameRange     '0.0.3',
429 silly addNameRange     '0.0.4',
429 silly addNameRange     '0.0.5',
429 silly addNameRange     '0.0.6',
429 silly addNameRange     '0.1.0',
429 silly addNameRange     '0.2.0',
429 silly addNameRange     '0.2.1',
429 silly addNameRange     '0.2.2',
429 silly addNameRange     '0.2.3',
429 silly addNameRange     '0.2.4',
429 silly addNameRange     '0.2.5',
429 silly addNameRange     '0.2.6',
429 silly addNameRange     '0.2.7',
429 silly addNameRange     '0.3.0',
429 silly addNameRange     '0.4.0',
429 silly addNameRange     '0.5.0',
429 silly addNameRange     '0.5.1',
429 silly addNameRange     '0.5.2',
429 silly addNameRange     '0.5.3',
429 silly addNameRange     '0.5.4',
429 silly addNameRange     '0.5.5',
429 silly addNameRange     '0.5.6',
429 silly addNameRange     '0.5.7',
429 silly addNameRange     '0.5.8',
429 silly addNameRange     '0.5.9',
429 silly addNameRange     '0.5.10',
429 silly addNameRange     '1.0.0',
429 silly addNameRange     '1.0.1',
429 silly addNameRange     '1.0.2',
429 silly addNameRange     '1.0.3',
429 silly addNameRange     '1.0.4',
429 silly addNameRange     '1.0.5',
429 silly addNameRange     '1.0.6',
429 silly addNameRange     '1.1.0',
429 silly addNameRange     '1.1.1',
429 silly addNameRange     '1.1.2',
429 silly addNameRange     '1.1.3',
429 silly addNameRange     '1.1.4',
429 silly addNameRange     '1.1.5',
429 silly addNameRange     '1.2.0',
429 silly addNameRange     '1.2.1',
429 silly addNameRange     '1.2.2',
429 silly addNameRange     '1.2.3',
429 silly addNameRange     '1.3.0',
429 silly addNameRange     '1.4.0',
429 silly addNameRange     '1.4.1',
429 silly addNameRange     '1.4.2',
429 silly addNameRange     '1.4.3',
429 silly addNameRange     '1.4.4',
429 silly addNameRange     '1.4.5',
429 silly addNameRange     '1.4.6',
429 silly addNameRange     '1.5.0',
429 silly addNameRange     '1.5.1',
429 silly addNameRange     '1.5.2',
429 silly addNameRange     '1.6.0',
429 silly addNameRange     '1.6.1',
429 silly addNameRange     '1.6.2',
429 silly addNameRange     '1.6.3',
429 silly addNameRange     '1.6.4',
429 silly addNameRange     '1.7.0',
429 silly addNameRange     '1.7.1',
429 silly addNameRange     '1.7.2',
429 silly addNameRange     '1.7.3',
429 silly addNameRange     '1.8.0',
429 silly addNameRange     '1.8.1',
429 silly addNameRange     '1.8.2',
429 silly addNameRange     '1.8.3',
429 silly addNameRange     '1.8.4',
429 silly addNameRange     '1.8.5',
429 silly addNameRange     '2.0.0',
429 silly addNameRange     '2.0.1',
429 silly addNameRange     '2.0.2',
429 silly addNameRange     '2.0.3',
429 silly addNameRange     '1.8.6',
429 silly addNameRange     '2.1.0',
429 silly addNameRange     '2.1.1',
429 silly addNameRange     '2.1.2',
429 silly addNameRange     '1.8.7',
429 silly addNameRange     '2.1.3',
429 silly addNameRange     '2.2.0',
429 silly addNameRange     '2.2.1',
429 silly addNameRange     '2.2.2',
429 silly addNameRange     '2.3.0',
429 silly addNameRange     '2.3.1',
429 silly addNameRange     '2.3.2',
429 silly addNameRange     '2.3.3',
429 silly addNameRange     '1.9.0',
429 silly addNameRange     '1.9.1',
429 silly addNameRange     '2.3.4',
429 silly addNameRange     '2.3.5',
429 silly addNameRange     '2.3.6',
429 silly addNameRange     '2.3.7',
429 silly addNameRange     '1.9.2',
429 silly addNameRange     '2.3.8',
429 silly addNameRange     '2.3.9',
429 silly addNameRange     '2.4.0',
429 silly addNameRange     '2.4.1',
429 silly addNameRange     '2.4.2',
429 silly addNameRange     '2.4.3',
429 silly addNameRange     '2.4.4',
429 silly addNameRange     '2.4.5',
429 silly addNameRange     '2.4.6',
429 silly addNameRange     '2.5.0',
429 silly addNameRange     '2.6.0',
429 silly addNameRange     '2.6.1',
429 silly addNameRange     '2.6.2',
429 silly addNameRange     '2.7.0',
429 silly addNameRange     '2.7.1',
429 silly addNameRange     '2.7.2',
429 silly addNameRange     '2.7.3',
429 silly addNameRange     '2.7.4',
429 silly addNameRange     '2.7.5',
429 silly addNameRange     '2.7.6',
429 silly addNameRange     '2.7.7',
429 silly addNameRange     '2.7.8',
429 silly addNameRange     '2.7.9',
429 silly addNameRange     '2.7.10',
429 silly addNameRange     '2.7.11',
429 silly addNameRange     '2.8.0',
429 silly addNameRange     '2.8.1',
429 silly addNameRange     '2.8.2',
429 silly addNameRange     '2.8.3',
429 silly addNameRange     '2.8.4',
429 silly addNameRange     '2.8.5',
429 silly addNameRange     '2.8.6',
429 silly addNameRange     '2.8.7',
429 silly addNameRange     '2.8.8',
429 silly addNameRange     '2.9.0',
429 silly addNameRange     '2.9.1',
429 silly addNameRange     '2.9.2',
429 silly addNameRange     '2.10.0',
429 silly addNameRange     '2.10.1',
429 silly addNameRange     '2.11.0',
429 silly addNameRange     '2.11.1',
429 silly addNameRange     '2.11.2',
429 silly addNameRange     '2.12.0',
429 silly addNameRange     '2.13.0',
429 silly addNameRange     '2.13.1',
429 silly addNameRange     '2.14.0',
429 silly addNameRange     '2.14.1',
429 silly addNameRange     '3.0.0-rc.1',
429 silly addNameRange     '2.14.2',
429 silly addNameRange     '2.14.3',
429 silly addNameRange     '2.14.4',
429 silly addNameRange     '2.14.5',
429 silly addNameRange     '2.15.0',
429 silly addNameRange     '3.0.0-rc.2',
429 silly addNameRange     '2.16.0',
429 silly addNameRange     '2.16.1',
429 silly addNameRange     '2.16.2',
429 silly addNameRange     '2.17.0',
429 silly addNameRange     '2.17.1',
429 silly addNameRange     '2.17.2',
429 silly addNameRange     '2.17.3',
429 silly addNameRange     '2.18.0',
429 silly addNameRange     '3.0.0',
429 silly addNameRange     '2.19.0',
429 silly addNameRange     '2.19.1',
429 silly addNameRange     '2.19.2',
429 silly addNameRange     '2.19.3',
429 silly addNameRange     '2.19.4',
429 silly addNameRange     '2.19.5',
429 silly addNameRange     '2.19.6',
429 silly addNameRange     '2.20.0',
429 silly addNameRange     '2.20.1',
429 silly addNameRange     '2.20.2',
429 silly addNameRange     '3.0.1',
429 silly addNameRange     '2.21.0',
429 silly addNameRange     '2.21.1',
429 silly addNameRange     '2.22.0',
429 silly addNameRange     '2.23.0',
429 silly addNameRange     '3.0.2',
429 silly addNameRange     '2.24.0',
429 silly addNameRange     '3.1.0',
429 silly addNameRange     '2.24.1',
429 silly addNameRange     '2.24.2',
429 silly addNameRange     '2.24.3',
429 silly addNameRange     '2.25.0',
429 silly addNameRange     '2.25.1',
429 silly addNameRange     '2.25.2',
429 silly addNameRange     '2.25.3',
429 silly addNameRange     '2.25.4',
429 silly addNameRange     '3.1.1',
429 silly addNameRange     '2.25.5',
429 silly addNameRange     '2.25.6',
429 silly addNameRange     '2.25.7',
429 silly addNameRange     '2.25.8',
429 silly addNameRange     '2.25.9',
429 silly addNameRange     '2.25.10',
429 silly addNameRange     '2.26.0',
429 silly addNameRange     '3.2.0',
429 silly addNameRange     '2.26.1',
429 silly addNameRange     '2.26.2',
429 silly addNameRange     '2.26.3',
429 silly addNameRange     '2.26.4',
429 silly addNameRange     '2.26.5',
429 silly addNameRange     '2.26.6',
429 silly addNameRange     '2.27.0',
429 silly addNameRange     '3.3.0',
429 silly addNameRange     '2.27.1',
429 silly addNameRange     '3.3.1',
429 silly addNameRange     '2.27.2',
429 silly addNameRange     '3.3.2',
429 silly addNameRange     '2.27.3',
429 silly addNameRange     '3.3.3',
429 silly addNameRange     '2.27.4',
429 silly addNameRange     '2.27.5',
429 silly addNameRange     '2.27.6',
429 silly addNameRange     '2.28.0',
429 silly addNameRange     '3.3.4',
429 silly addNameRange     '2.28.1',
429 silly addNameRange     '2.28.2',
429 silly addNameRange     '2.28.3',
429 silly addNameRange     '2.29.0',
429 silly addNameRange     '2.29.1',
429 silly addNameRange     '3.3.5',
429 silly addNameRange     '2.29.2',
429 silly addNameRange     '2.30.0',
429 silly addNameRange     '3.4.0',
429 silly addNameRange     '2.30.1',
429 silly addNameRange     '2.30.2',
429 silly addNameRange     '3.4.1' ] ]
430 silly addNamed connect@3.4.1
431 verbose addNamed "3.4.1" is a plain semver version for connect
432 silly cache afterAdd connect@3.4.1
433 verbose afterAdd C:\Users\mzsf\AppData\Roaming\npm-cache\connect\3.4.1\package\package.json not in flight; writing
434 verbose afterAdd C:\Users\mzsf\AppData\Roaming\npm-cache\connect\3.4.1\package\package.json written
435 verbose about to build D:\clifford\node_modules\grunt-contrib-connect
436 verbose unlock done using C:\Users\mzsf\AppData\Roaming\npm-cache\_locks\grunt-contrib-connect-989d25cd34e77295.lock for D:\clifford\node_modules\grunt-contrib-connect
437 verbose stack Error: not found: git
437 verbose stack     at F (D:\Program Files\nodejs\node_modules\npm\node_modules\which\which.js:78:19)
437 verbose stack     at E (D:\Program Files\nodejs\node_modules\npm\node_modules\which\which.js:82:29)
437 verbose stack     at D:\Program Files\nodejs\node_modules\npm\node_modules\which\which.js:93:16
437 verbose stack     at FSReqWrap.oncomplete (fs.js:82:15)
438 verbose cwd D:\clifford
439 error Windows_NT 6.1.7601
440 error argv "D:\\Program Files\\nodejs\\node.exe" "D:\\Program Files\\nodejs\\node_modules\\npm\\bin\\npm-cli.js" "install"
441 error node v4.3.1
442 error npm  v2.14.12
443 error code ENOGIT
444 error not found: git
445 error Failed using git.
445 error This is most likely not a problem with npm itself.
445 error Please check if you have git installed and in your PATH.
446 verbose exit [ 1, true ]
447 verbose unbuild node_modules\grunt-contrib-connect
448 info preuninstall grunt-contrib-connect@1.0.1
449 info uninstall grunt-contrib-connect@1.0.1
450 verbose unbuild rmStuff grunt-contrib-connect@1.0.1 from D:\clifford\node_modules
451 info postuninstall grunt-contrib-connect@1.0.1
452 silly gentlyRm D:\clifford\node_modules\grunt-contrib-connect is being purged from base D:\clifford
453 verbose gentlyRm don't care about contents; nuking D:\clifford\node_modules\grunt-contrib-connect
454 silly vacuum-fs purging D:\clifford\node_modules\grunt-contrib-connect
455 silly vacuum-fs quitting because other entries in D:\clifford\node_modules
